[20-Mar-2021 07:00:37 Europe/Berlin] 4 Domain file "./lang/C/LC_MESSAGES/C.po" not found.
[20-Mar-2021 07:00:38 Europe/Berlin] 0::login.php:108:[before upgrade] count(): Parameter must be an array or an object that implements Countable
[20-Mar-2021 07:03:27 Europe/Berlin] 4 Domain file "./lang/C/LC_MESSAGES/C.po" not found.
[20-Mar-2021 07:03:40 Europe/Berlin] 4 Domain file "./lang/C/LC_MESSAGES/C.po" not found.
[20-Mar-2021 07:03:40 Europe/Berlin] 4 Domain file "./lang/C/LC_MESSAGES/C.po" not found.
[20-Mar-2021 07:03:40 Europe/Berlin] 4 Domain file "./lang/C/LC_MESSAGES/C.po" not found.
[20-Mar-2021 07:03:41 Europe/Berlin] 4 Domain file "./lang/C/LC_MESSAGES/C.po" not found.
[20-Mar-2021 07:06:10 Europe/Berlin] 0::session-custom.inc:82:[before upgrade] ini_set(): A session is active. You cannot change the session module's ini settings at this time
[20-Mar-2021 07:06:10 Europe/Berlin] 4 Domain file "../../lang/C/LC_MESSAGES/C.po" not found.
[20-Mar-2021 07:06:10 Europe/Berlin] 0::connect_db_mysqli.inc:68:[before upgrade] mysqli_query() expects parameter 1 to be mysqli, null given
[20-Mar-2021 07:06:10 Europe/Berlin] 0::connect_db_mysqli.inc:69:[before upgrade] mysqli_errno() expects parameter 1 to be mysqli, null given
[20-Mar-2021 07:06:10 Europe/Berlin] 0::connect_db_mysqli.inc:68:[before upgrade] mysqli_query() expects parameter 1 to be mysqli, null given
[20-Mar-2021 07:06:10 Europe/Berlin] 0::connect_db_mysqli.inc:69:[before upgrade] mysqli_errno() expects parameter 1 to be mysqli, null given
[20-Mar-2021 07:06:10 Europe/Berlin] 0::connect_db_mysqli.inc:68:[before upgrade] mysqli_query() expects parameter 1 to be mysqli, null given
[20-Mar-2021 07:06:10 Europe/Berlin] 0::connect_db_mysqli.inc:69:[before upgrade] mysqli_errno() expects parameter 1 to be mysqli, null given
[20-Mar-2021 07:06:10 Europe/Berlin] 0::index.php:55:[before upgrade] include_once(C:\laragon\www\frontaccounting/modules/api/vendor/autoload.php): failed to open stream: No such file or directory
[20-Mar-2021 07:06:10 Europe/Berlin] 0::index.php:55:[before upgrade] include_once(): Failed opening 'C:\laragon\www\frontaccounting/modules/api/vendor/autoload.php' for inclusion (include_path='.;C:/laragon/etc/php/pear')
[20-Mar-2021 07:08:21 Europe/Berlin] 0::session-custom.inc:82:[before upgrade] ini_set(): A session is active. You cannot change the session module's ini settings at this time
[20-Mar-2021 07:08:21 Europe/Berlin] 4 Domain file "../../lang/C/LC_MESSAGES/C.po" not found.
[20-Mar-2021 07:08:21 Europe/Berlin] 0::index.php:55:[before upgrade] include_once(C:\laragon\www\frontaccounting/modules/api/vendor/autoload.php): failed to open stream: No such file or directory
[20-Mar-2021 07:08:21 Europe/Berlin] 0::index.php:55:[before upgrade] include_once(): Failed opening 'C:\laragon\www\frontaccounting/modules/api/vendor/autoload.php' for inclusion (include_path='.;C:/laragon/etc/php/pear')
[20-Mar-2021 07:08:38 Europe/Berlin] 0::session-custom.inc:82:[before upgrade] ini_set(): A session is active. You cannot change the session module's ini settings at this time
[20-Mar-2021 07:08:38 Europe/Berlin] 4 Domain file "../../lang/C/LC_MESSAGES/C.po" not found.
[20-Mar-2021 07:08:38 Europe/Berlin] 0::index.php:55:[before upgrade] include_once(C:\laragon\www\frontaccounting/modules/api/vendor/autoload.php): failed to open stream: No such file or directory
[20-Mar-2021 07:08:38 Europe/Berlin] 0::index.php:55:[before upgrade] include_once(): Failed opening 'C:\laragon\www\frontaccounting/modules/api/vendor/autoload.php' for inclusion (include_path='.;C:/laragon/etc/php/pear')
[20-Mar-2021 07:08:52 Europe/Berlin] 0::session-custom.inc:82:[before upgrade] ini_set(): A session is active. You cannot change the session module's ini settings at this time
[20-Mar-2021 07:08:52 Europe/Berlin] 4 Domain file "../../lang/C/LC_MESSAGES/C.po" not found.
[20-Mar-2021 07:08:52 Europe/Berlin] 0::index.php:55:[before upgrade] include_once(C:\laragon\www\frontaccounting/modules/api/vendor/autoload.php): failed to open stream: No such file or directory
[20-Mar-2021 07:08:52 Europe/Berlin] 0::index.php:55:[before upgrade] include_once(): Failed opening 'C:\laragon\www\frontaccounting/modules/api/vendor/autoload.php' for inclusion (include_path='.;C:/laragon/etc/php/pear')
[20-Mar-2021 07:11:44 Europe/Berlin] 0::session-custom.inc:82:[before upgrade] ini_set(): A session is active. You cannot change the session module's ini settings at this time
[20-Mar-2021 07:11:44 Europe/Berlin] 4 Domain file "../../lang/C/LC_MESSAGES/C.po" not found.
[20-Mar-2021 07:11:44 Europe/Berlin] 0::index.php:55:[before upgrade] include_once(C:\laragon\www\frontaccounting/modules/api/vendor/autoload.php): failed to open stream: No such file or directory
[20-Mar-2021 07:11:44 Europe/Berlin] 0::index.php:55:[before upgrade] include_once(): Failed opening 'C:\laragon\www\frontaccounting/modules/api/vendor/autoload.php' for inclusion (include_path='.;C:/laragon/etc/php/pear')
[20-Mar-2021 07:12:25 Europe/Berlin] 0::session-custom.inc:82:[before upgrade] ini_set(): A session is active. You cannot change the session module's ini settings at this time
[20-Mar-2021 07:12:25 Europe/Berlin] 4 Domain file "../../lang/C/LC_MESSAGES/C.po" not found.
[20-Mar-2021 07:12:25 Europe/Berlin] 0::index.php:55:[before upgrade] include_once(C:\laragon\www\frontaccounting/modules/api/vendor/autoload.php): failed to open stream: No such file or directory
[20-Mar-2021 07:12:25 Europe/Berlin] 0::index.php:55:[before upgrade] include_once(): Failed opening 'C:\laragon\www\frontaccounting/modules/api/vendor/autoload.php' for inclusion (include_path='.;C:/laragon/etc/php/pear')
[20-Mar-2021 07:12:26 Europe/Berlin] 0::session-custom.inc:82:[before upgrade] ini_set(): A session is active. You cannot change the session module's ini settings at this time
[20-Mar-2021 07:12:26 Europe/Berlin] 4 Domain file "../../lang/C/LC_MESSAGES/C.po" not found.
[20-Mar-2021 07:12:26 Europe/Berlin] 0::index.php:55:[before upgrade] include_once(C:\laragon\www\frontaccounting/modules/api/vendor/autoload.php): failed to open stream: No such file or directory
[20-Mar-2021 07:12:26 Europe/Berlin] 0::index.php:55:[before upgrade] include_once(): Failed opening 'C:\laragon\www\frontaccounting/modules/api/vendor/autoload.php' for inclusion (include_path='.;C:/laragon/etc/php/pear')
[20-Mar-2021 07:13:18 Europe/Berlin] 0::session-custom.inc:82:[before upgrade] ini_set(): A session is active. You cannot change the session module's ini settings at this time
[20-Mar-2021 07:13:18 Europe/Berlin] 4 Domain file "../../lang/C/LC_MESSAGES/C.po" not found.
[20-Mar-2021 07:13:18 Europe/Berlin] 0::index.php:55:[before upgrade] include_once(C:\laragon\www\frontaccounting/modules/api/vendor/autoload.php): failed to open stream: No such file or directory
[20-Mar-2021 07:13:18 Europe/Berlin] 0::index.php:55:[before upgrade] include_once(): Failed opening 'C:\laragon\www\frontaccounting/modules/api/vendor/autoload.php' for inclusion (include_path='.;C:/laragon/etc/php/pear')
[20-Mar-2021 07:13:22 Europe/Berlin] 0::session-custom.inc:82:[before upgrade] ini_set(): A session is active. You cannot change the session module's ini settings at this time
[20-Mar-2021 07:13:22 Europe/Berlin] 4 Domain file "../../lang/C/LC_MESSAGES/C.po" not found.
[20-Mar-2021 07:13:22 Europe/Berlin] 0::index.php:55:[before upgrade] include_once(C:\laragon\www\frontaccounting/modules/api/vendor/autoload.php): failed to open stream: No such file or directory
[20-Mar-2021 07:13:22 Europe/Berlin] 0::index.php:55:[before upgrade] include_once(): Failed opening 'C:\laragon\www\frontaccounting/modules/api/vendor/autoload.php' for inclusion (include_path='.;C:/laragon/etc/php/pear')
[20-Mar-2021 07:15:12 Europe/Berlin] 4 Domain file "./lang/C/LC_MESSAGES/C.po" not found.
[20-Mar-2021 07:15:59 Europe/Berlin] 0::session-custom.inc:82:[before upgrade] ini_set(): A session is active. You cannot change the session module's ini settings at this time
[20-Mar-2021 07:15:59 Europe/Berlin] 4 Domain file "../../lang/C/LC_MESSAGES/C.po" not found.
[20-Mar-2021 07:15:59 Europe/Berlin] 0::connect_db_mysqli.inc:68:[before upgrade] mysqli_query() expects parameter 1 to be mysqli, null given
[20-Mar-2021 07:15:59 Europe/Berlin] 0::connect_db_mysqli.inc:69:[before upgrade] mysqli_errno() expects parameter 1 to be mysqli, null given
[20-Mar-2021 07:15:59 Europe/Berlin] 0::connect_db_mysqli.inc:68:[before upgrade] mysqli_query() expects parameter 1 to be mysqli, null given
[20-Mar-2021 07:15:59 Europe/Berlin] 0::connect_db_mysqli.inc:69:[before upgrade] mysqli_errno() expects parameter 1 to be mysqli, null given
[20-Mar-2021 07:15:59 Europe/Berlin] 0::connect_db_mysqli.inc:68:[before upgrade] mysqli_query() expects parameter 1 to be mysqli, null given
[20-Mar-2021 07:15:59 Europe/Berlin] 0::connect_db_mysqli.inc:69:[before upgrade] mysqli_errno() expects parameter 1 to be mysqli, null given
[20-Mar-2021 07:15:59 Europe/Berlin] 0::index.php:55:[before upgrade] include_once(C:\laragon\www\frontaccounting/modules/api/vendor/autoload.php): failed to open stream: No such file or directory
[20-Mar-2021 07:15:59 Europe/Berlin] 0::index.php:55:[before upgrade] include_once(): Failed opening 'C:\laragon\www\frontaccounting/modules/api/vendor/autoload.php' for inclusion (include_path='.;C:/laragon/etc/php/pear')
[20-Mar-2021 07:16:41 Europe/Berlin] 4 Domain file "./lang/C/LC_MESSAGES/C.po" not found.
[20-Mar-2021 07:16:44 Europe/Berlin] 4 Domain file "./lang/C/LC_MESSAGES/C.po" not found.
[20-Mar-2021 07:16:44 Europe/Berlin] 4 Domain file "./lang/C/LC_MESSAGES/C.po" not found.
[20-Mar-2021 07:16:44 Europe/Berlin] 4 Domain file "./lang/C/LC_MESSAGES/C.po" not found.
[20-Mar-2021 07:16:44 Europe/Berlin] 4 Domain file "./lang/C/LC_MESSAGES/C.po" not found.
[20-Mar-2021 07:16:57 Europe/Berlin] 4 Domain file "./lang/C/LC_MESSAGES/C.po" not found.
[20-Mar-2021 07:17:45 Europe/Berlin] 0::session-custom.inc:82:[before upgrade] ini_set(): A session is active. You cannot change the session module's ini settings at this time
[20-Mar-2021 07:17:45 Europe/Berlin] 4 Domain file "../../lang/C/LC_MESSAGES/C.po" not found.
[20-Mar-2021 07:17:45 Europe/Berlin] 0::index.php:55:[before upgrade] include_once(C:\laragon\www\frontaccounting/modules/api/vendor/autoload.php): failed to open stream: No such file or directory
[20-Mar-2021 07:17:45 Europe/Berlin] 0::index.php:55:[before upgrade] include_once(): Failed opening 'C:\laragon\www\frontaccounting/modules/api/vendor/autoload.php' for inclusion (include_path='.;C:/laragon/etc/php/pear')
[20-Mar-2021 07:19:23 Europe/Berlin] 0::session-custom.inc:82:[before upgrade] ini_set(): A session is active. You cannot change the session module's ini settings at this time
[20-Mar-2021 07:19:23 Europe/Berlin] 4 Domain file "../../lang/C/LC_MESSAGES/C.po" not found.
[20-Mar-2021 07:19:24 Europe/Berlin] 0::index.php:55:[before upgrade] include_once(C:\laragon\www\frontaccounting/modules/api/vendor/autoload.php): failed to open stream: No such file or directory
[20-Mar-2021 07:19:24 Europe/Berlin] 0::index.php:55:[before upgrade] include_once(): Failed opening 'C:\laragon\www\frontaccounting/modules/api/vendor/autoload.php' for inclusion (include_path='.;C:/laragon/etc/php/pear')
[20-Mar-2021 07:19:32 Europe/Berlin] 0::session-custom.inc:82:[before upgrade] ini_set(): A session is active. You cannot change the session module's ini settings at this time
[20-Mar-2021 07:19:32 Europe/Berlin] 4 Domain file "../../lang/C/LC_MESSAGES/C.po" not found.
[20-Mar-2021 07:19:32 Europe/Berlin] 0::index.php:55:[before upgrade] include_once(C:\laragon\www\frontaccounting/modules/api/vendor/autoload.php): failed to open stream: No such file or directory
[20-Mar-2021 07:19:32 Europe/Berlin] 0::index.php:55:[before upgrade] include_once(): Failed opening 'C:\laragon\www\frontaccounting/modules/api/vendor/autoload.php' for inclusion (include_path='.;C:/laragon/etc/php/pear')
[20-Mar-2021 07:20:14 Europe/Berlin] 0::session-custom.inc:82:[before upgrade] ini_set(): A session is active. You cannot change the session module's ini settings at this time
[20-Mar-2021 07:20:14 Europe/Berlin] 4 Domain file "../../lang/C/LC_MESSAGES/C.po" not found.
[20-Mar-2021 07:20:14 Europe/Berlin] 0::index.php:55:[before upgrade] include_once(C:\laragon\www\frontaccounting/modules/api/vendor/autoload.php): failed to open stream: No such file or directory
[20-Mar-2021 07:20:14 Europe/Berlin] 0::index.php:55:[before upgrade] include_once(): Failed opening 'C:\laragon\www\frontaccounting/modules/api/vendor/autoload.php' for inclusion (include_path='.;C:/laragon/etc/php/pear')
[20-Mar-2021 07:20:31 Europe/Berlin] 0::session-custom.inc:82:[before upgrade] ini_set(): A session is active. You cannot change the session module's ini settings at this time
[20-Mar-2021 07:20:31 Europe/Berlin] 4 Domain file "../../lang/C/LC_MESSAGES/C.po" not found.
[20-Mar-2021 07:20:31 Europe/Berlin] 0::index.php:55:[before upgrade] include_once(C:\laragon\www\frontaccounting/modules/api/vendor/autoload.php): failed to open stream: No such file or directory
[20-Mar-2021 07:20:32 Europe/Berlin] 0::index.php:55:[before upgrade] include_once(): Failed opening 'C:\laragon\www\frontaccounting/modules/api/vendor/autoload.php' for inclusion (include_path='.;C:/laragon/etc/php/pear')
[20-Mar-2021 07:21:27 Europe/Berlin] 0::session-custom.inc:82:[before upgrade] ini_set(): A session is active. You cannot change the session module's ini settings at this time
[20-Mar-2021 07:21:27 Europe/Berlin] 4 Domain file "../../lang/C/LC_MESSAGES/C.po" not found.
[20-Mar-2021 07:21:27 Europe/Berlin] 0::index.php:55:[before upgrade] include_once(C:\laragon\www\frontaccounting/modules/api/vendor/autoload.php): failed to open stream: No such file or directory
[20-Mar-2021 07:21:27 Europe/Berlin] 0::index.php:55:[before upgrade] include_once(): Failed opening 'C:\laragon\www\frontaccounting/modules/api/vendor/autoload.php' for inclusion (include_path='.;C:/laragon/etc/php/pear')
[20-Mar-2021 07:21:34 Europe/Berlin] 0::session-custom.inc:82:[before upgrade] ini_set(): A session is active. You cannot change the session module's ini settings at this time
[20-Mar-2021 07:21:34 Europe/Berlin] 4 Domain file "../../lang/C/LC_MESSAGES/C.po" not found.
[20-Mar-2021 07:21:34 Europe/Berlin] 0::connect_db_mysqli.inc:68:[before upgrade] mysqli_query() expects parameter 1 to be mysqli, null given
[20-Mar-2021 07:21:34 Europe/Berlin] 0::connect_db_mysqli.inc:69:[before upgrade] mysqli_errno() expects parameter 1 to be mysqli, null given
[20-Mar-2021 07:21:34 Europe/Berlin] 0::connect_db_mysqli.inc:68:[before upgrade] mysqli_query() expects parameter 1 to be mysqli, null given
[20-Mar-2021 07:21:34 Europe/Berlin] 0::connect_db_mysqli.inc:69:[before upgrade] mysqli_errno() expects parameter 1 to be mysqli, null given
[20-Mar-2021 07:21:34 Europe/Berlin] 0::connect_db_mysqli.inc:68:[before upgrade] mysqli_query() expects parameter 1 to be mysqli, null given
[20-Mar-2021 07:21:34 Europe/Berlin] 0::connect_db_mysqli.inc:69:[before upgrade] mysqli_errno() expects parameter 1 to be mysqli, null given
[20-Mar-2021 07:21:34 Europe/Berlin] 0::index.php:55:[before upgrade] include_once(C:\laragon\www\frontaccounting/modules/api/vendor/autoload.php): failed to open stream: No such file or directory
[20-Mar-2021 07:21:34 Europe/Berlin] 0::index.php:55:[before upgrade] include_once(): Failed opening 'C:\laragon\www\frontaccounting/modules/api/vendor/autoload.php' for inclusion (include_path='.;C:/laragon/etc/php/pear')
[20-Mar-2021 07:21:48 Europe/Berlin] 0::session-custom.inc:82:[before upgrade] ini_set(): A session is active. You cannot change the session module's ini settings at this time
[20-Mar-2021 07:21:48 Europe/Berlin] 4 Domain file "../../lang/C/LC_MESSAGES/C.po" not found.
[20-Mar-2021 07:21:48 Europe/Berlin] 0::index.php:55:[before upgrade] include_once(C:\laragon\www\frontaccounting/modules/api/vendor/autoload.php): failed to open stream: No such file or directory
[20-Mar-2021 07:21:48 Europe/Berlin] 0::index.php:55:[before upgrade] include_once(): Failed opening 'C:\laragon\www\frontaccounting/modules/api/vendor/autoload.php' for inclusion (include_path='.;C:/laragon/etc/php/pear')
[20-Mar-2021 07:21:55 Europe/Berlin] 0::session-custom.inc:82:[before upgrade] ini_set(): A session is active. You cannot change the session module's ini settings at this time
[20-Mar-2021 07:21:55 Europe/Berlin] 4 Domain file "../../lang/C/LC_MESSAGES/C.po" not found.
[20-Mar-2021 07:21:55 Europe/Berlin] 0::index.php:55:[before upgrade] include_once(C:\laragon\www\frontaccounting/modules/api/vendor/autoload.php): failed to open stream: No such file or directory
[20-Mar-2021 07:21:55 Europe/Berlin] 0::index.php:55:[before upgrade] include_once(): Failed opening 'C:\laragon\www\frontaccounting/modules/api/vendor/autoload.php' for inclusion (include_path='.;C:/laragon/etc/php/pear')
[20-Mar-2021 07:22:00 Europe/Berlin] 0::session-custom.inc:82:[before upgrade] ini_set(): A session is active. You cannot change the session module's ini settings at this time
[20-Mar-2021 07:22:00 Europe/Berlin] 4 Domain file "../../lang/C/LC_MESSAGES/C.po" not found.
[20-Mar-2021 07:22:00 Europe/Berlin] 0::index.php:55:[before upgrade] include_once(C:\laragon\www\frontaccounting/modules/api/vendor/autoload.php): failed to open stream: No such file or directory
[20-Mar-2021 07:22:00 Europe/Berlin] 0::index.php:55:[before upgrade] include_once(): Failed opening 'C:\laragon\www\frontaccounting/modules/api/vendor/autoload.php' for inclusion (include_path='.;C:/laragon/etc/php/pear')
[20-Mar-2021 07:25:39 Europe/Berlin] 0::session-custom.inc:82:[before upgrade] ini_set(): A session is active. You cannot change the session module's ini settings at this time
[20-Mar-2021 07:25:39 Europe/Berlin] 4 Domain file "../../lang/C/LC_MESSAGES/C.po" not found.
[20-Mar-2021 07:25:39 Europe/Berlin] 0::connect_db_mysqli.inc:68:[before upgrade] mysqli_query() expects parameter 1 to be mysqli, null given
[20-Mar-2021 07:25:39 Europe/Berlin] 0::connect_db_mysqli.inc:69:[before upgrade] mysqli_errno() expects parameter 1 to be mysqli, null given
[20-Mar-2021 07:25:39 Europe/Berlin] 0::connect_db_mysqli.inc:68:[before upgrade] mysqli_query() expects parameter 1 to be mysqli, null given
[20-Mar-2021 07:25:39 Europe/Berlin] 0::connect_db_mysqli.inc:69:[before upgrade] mysqli_errno() expects parameter 1 to be mysqli, null given
[20-Mar-2021 07:25:39 Europe/Berlin] 0::connect_db_mysqli.inc:68:[before upgrade] mysqli_query() expects parameter 1 to be mysqli, null given
[20-Mar-2021 07:25:39 Europe/Berlin] 0::connect_db_mysqli.inc:69:[before upgrade] mysqli_errno() expects parameter 1 to be mysqli, null given
[20-Mar-2021 07:25:39 Europe/Berlin] 4 Domain file "../../lang/C/LC_MESSAGES/C.po" not found.
[20-Mar-2021 07:25:50 Europe/Berlin] 0::session-custom.inc:82:[before upgrade] ini_set(): A session is active. You cannot change the session module's ini settings at this time
[20-Mar-2021 07:25:50 Europe/Berlin] 4 Domain file "../../lang/C/LC_MESSAGES/C.po" not found.
[20-Mar-2021 07:25:50 Europe/Berlin] 4 Domain file "../../lang/C/LC_MESSAGES/C.po" not found.
[20-Mar-2021 07:25:50 Europe/Berlin] 4 Domain file "../../lang/C/LC_MESSAGES/C.po" not found.
[21-Mar-2021 08:53:45 Europe/Berlin] 4 Domain file "./lang/C/LC_MESSAGES/C.po" not found.
[21-Mar-2021 08:53:49 Europe/Berlin] 4 Domain file "./lang/C/LC_MESSAGES/C.po" not found.
[21-Mar-2021 08:53:49 Europe/Berlin] 4 Domain file "./lang/C/LC_MESSAGES/C.po" not found.
[21-Mar-2021 08:53:49 Europe/Berlin] 4 Domain file "./lang/C/LC_MESSAGES/C.po" not found.
[21-Mar-2021 08:53:49 Europe/Berlin] 4 Domain file "./lang/C/LC_MESSAGES/C.po" not found.
